<?xml version="1.0" encoding="UTF-8"?>
<testsuite name="com.example.ai03.domain.entity.TaskTest" tests="4" skipped="0" failures="0" errors="0" timestamp="2026-06-30T02:51:08.672Z" hostname="runnervmmklqx" time="0.052">
  <properties/>
  <testcase name="defaultPriorityIsMedium()" classname="com.example.ai03.domain.entity.TaskTest" time="0.043"/>
  <testcase name="tagsInitializedEmpty()" classname="com.example.ai03.domain.entity.TaskTest" time="0.005"/>
  <testcase name="defaultStatusIsTodo()" classname="com.example.ai03.domain.entity.TaskTest" time="0.0"/>
  <testcase name="commentsInitializedEmpty()" classname="com.example.ai03.domain.entity.TaskTest" time="0.002"/>
  <system-out><![CDATA[]]></system-out>
  <system-err><![CDATA[]]></system-err>
</testsuite>
