<?xml version="1.0" encoding="UTF-8"?>
<testsuite name="com.example.ai03.domain.entity.TaskTest" tests="4" skipped="0" failures="0" errors="0" timestamp="2026-06-29T10:24:16.888Z" hostname="runnervmmklqx" time="0.059">
  <properties/>
  <testcase name="defaultPriorityIsMedium()" classname="com.example.ai03.domain.entity.TaskTest" time="0.049"/>
  <testcase name="tagsInitializedEmpty()" classname="com.example.ai03.domain.entity.TaskTest" time="0.004"/>
  <testcase name="defaultStatusIsTodo()" classname="com.example.ai03.domain.entity.TaskTest" time="0.001"/>
  <testcase name="commentsInitializedEmpty()" classname="com.example.ai03.domain.entity.TaskTest" time="0.003"/>
  <system-out><![CDATA[]]></system-out>
  <system-err><![CDATA[]]></system-err>
</testsuite>
