<?xml version="1.0" encoding="UTF-8"?>
<testsuite name="com.example.ai03.Ai03ApplicationTests" tests="1" skipped="0" failures="0" errors="0" timestamp="2026-06-30T02:51:03.896Z" hostname="runnervmmklqx" time="4.773">
  <properties/>
  <testcase name="contextLoads()" classname="com.example.ai03.Ai03ApplicationTests" time="0.472"/>
  <system-out><![CDATA[02:51:04.040 [Test worker] INFO org.springframework.test.context.support.AnnotationConfigContextLoaderUtils -- Could not detect default configuration classes for test class [com.example.ai03.Ai03ApplicationTests]: Ai03ApplicationTests does not declare any static, non-private, non-final, nested classes annotated with @Configuration.
02:51:04.141 [Test worker] INFO org.springframework.boot.test.context.SpringBootTestContextBootstrapper -- Found @SpringBootConfiguration com.example.ai03.Ai03Application for test class com.example.ai03.Ai03ApplicationTests

  .   ____          _            __ _ _
 /\\ / ___'_ __ _ _(_)_ __  __ _ \ \ \ \
( ( )\___ | '_ | '_| | '_ \/ _` | \ \ \ \
 \\/  ___)| |_)| | | | | || (_| |  ) ) ) )
  '  |____| .__|_| |_|_| |_\__, | / / / /
 =========|_|==============|___/=/_/_/_/

 :: Spring Boot ::                (v3.4.1)

2026-06-30T02:51:04.607Z  INFO 5886 --- [ai03] [    Test worker] com.example.ai03.Ai03ApplicationTests    : Starting Ai03ApplicationTests using Java 17.0.19 with PID 5886 (started by runner in /home/runner/work/GitAI03/GitAI03)
2026-06-30T02:51:04.609Z  INFO 5886 --- [ai03] [    Test worker] com.example.ai03.Ai03ApplicationTests    : The following 1 profile is active: "test"
2026-06-30T02:51:05.207Z  INFO 5886 --- [ai03] [    Test worker] .s.d.r.c.RepositoryConfigurationDelegate : Bootstrapping Spring Data JPA repositories in DEFAULT mode.
2026-06-30T02:51:05.261Z  INFO 5886 --- [ai03] [    Test worker] .s.d.r.c.RepositoryConfigurationDelegate : Finished Spring Data repository scanning in 44 ms. Found 1 JPA repository interface.
2026-06-30T02:51:05.707Z  INFO 5886 --- [ai03] [    Test worker] o.hibernate.jpa.internal.util.LogHelper  : HHH000204: Processing PersistenceUnitInfo [name: default]
2026-06-30T02:51:05.765Z  INFO 5886 --- [ai03] [    Test worker] org.hibernate.Version                    : HHH000412: Hibernate ORM core version 6.6.4.Final
2026-06-30T02:51:05.797Z  INFO 5886 --- [ai03] [    Test worker] o.h.c.internal.RegionFactoryInitiator    : HHH000026: Second-level cache disabled
2026-06-30T02:51:06.063Z  INFO 5886 --- [ai03] [    Test worker] o.s.o.j.p.SpringPersistenceUnitInfo      : No LoadTimeWeaver setup: ignoring JPA class transformer
2026-06-30T02:51:06.090Z  INFO 5886 --- [ai03] [    Test worker] com.zaxxer.hikari.HikariDataSource       : HikariPool-1 - Starting...
2026-06-30T02:51:06.256Z  INFO 5886 --- [ai03] [    Test worker] com.zaxxer.hikari.pool.HikariPool        : HikariPool-1 - Added connection conn0: url=jdbc:h2:mem:testdb user=SA
2026-06-30T02:51:06.258Z  INFO 5886 --- [ai03] [    Test worker] com.zaxxer.hikari.HikariDataSource       : HikariPool-1 - Start completed.
2026-06-30T02:51:06.282Z  WARN 5886 --- [ai03] [    Test worker] org.hibernate.orm.deprecation            : HHH90000025: H2Dialect does not need to be specified explicitly using 'hibernate.dialect' (remove the property setting and it will be selected by default)
2026-06-30T02:51:06.305Z  INFO 5886 --- [ai03] [    Test worker] org.hibernate.orm.connections.pooling    : HHH10001005: Database info:
	Database JDBC URL [Connecting through datasource 'HikariDataSource (HikariPool-1)']
	Database driver: undefined/unknown
	Database version: 2.3.232
	Autocommit mode: undefined/unknown
	Isolation level: undefined/unknown
	Minimum pool size: undefined/unknown
	Maximum pool size: undefined/unknown
2026-06-30T02:51:07.109Z  INFO 5886 --- [ai03] [    Test worker] o.h.e.t.j.p.i.JtaPlatformInitiator       : HHH000489: No JTA platform available (set 'hibernate.transaction.jta.platform' to enable JTA platform integration)
2026-06-30T02:51:07.119Z DEBUG 5886 --- [ai03] [    Test worker] org.hibernate.SQL                        : 
    drop table if exists comments cascade 
2026-06-30T02:51:07.122Z DEBUG 5886 --- [ai03] [    Test worker] org.hibernate.SQL                        : 
    drop table if exists tags cascade 
2026-06-30T02:51:07.122Z DEBUG 5886 --- [ai03] [    Test worker] org.hibernate.SQL                        : 
    drop table if exists task_tags cascade 
2026-06-30T02:51:07.122Z DEBUG 5886 --- [ai03] [    Test worker] org.hibernate.SQL                        : 
    drop table if exists tasks cascade 
2026-06-30T02:51:07.123Z DEBUG 5886 --- [ai03] [    Test worker] org.hibernate.SQL                        : 
    drop table if exists teams cascade 
2026-06-30T02:51:07.123Z DEBUG 5886 --- [ai03] [    Test worker] org.hibernate.SQL                        : 
    drop table if exists users cascade 
2026-06-30T02:51:07.126Z DEBUG 5886 --- [ai03] [    Test worker] org.hibernate.SQL                        : 
    create table comments (
        author_id bigint not null,
        created_at timestamp(6) not null,
        id bigint generated by default as identity,
        task_id bigint not null,
        updated_at timestamp(6) not null,
        content TEXT not null,
        primary key (id)
    )
2026-06-30T02:51:07.133Z DEBUG 5886 --- [ai03] [    Test worker] org.hibernate.SQL                        : 
    create table tags (
        color varchar(7),
        created_at timestamp(6) not null,
        id bigint generated by default as identity,
        name varchar(50) not null unique,
        primary key (id)
    )
2026-06-30T02:51:07.136Z DEBUG 5886 --- [ai03] [    Test worker] org.hibernate.SQL                        : 
    create table task_tags (
        tag_id bigint not null,
        task_id bigint not null,
        primary key (tag_id, task_id)
    )
2026-06-30T02:51:07.139Z DEBUG 5886 --- [ai03] [    Test worker] org.hibernate.SQL                        : 
    create table tasks (
        due_date date,
        assigned_user_id bigint,
        created_at timestamp(6) not null,
        created_user_id bigint not null,
        id bigint generated by default as identity,
        team_id bigint,
        updated_at timestamp(6) not null,
        title varchar(200) not null,
        description TEXT,
        priority enum ('CRITICAL','HIGH','LOW','MEDIUM') not null,
        status enum ('CANCELLED','DONE','IN_PROGRESS','REVIEW','TODO') not null,
        primary key (id)
    )
2026-06-30T02:51:07.142Z DEBUG 5886 --- [ai03] [    Test worker] org.hibernate.SQL                        : 
    create table teams (
        created_at timestamp(6) not null,
        id bigint generated by default as identity,
        updated_at timestamp(6) not null,
        name varchar(100) not null unique,
        description varchar(500),
        primary key (id)
    )
2026-06-30T02:51:07.144Z DEBUG 5886 --- [ai03] [    Test worker] org.hibernate.SQL                        : 
    create table users (
        active boolean not null,
        created_at timestamp(6) not null,
        id bigint generated by default as identity,
        team_id bigint,
        updated_at timestamp(6) not null,
        display_name varchar(100) not null,
        login_id varchar(100) not null unique,
        email varchar(200) not null unique,
        password_hash varchar(255) not null,
        role enum ('ADMIN','MANAGER','MEMBER') not null,
        primary key (id)
    )
2026-06-30T02:51:07.147Z DEBUG 5886 --- [ai03] [    Test worker] org.hibernate.SQL                        : 
    alter table if exists comments 
       add constraint FKn2na60ukhs76ibtpt9burkm27 
       foreign key (author_id) 
       references users
2026-06-30T02:51:07.157Z DEBUG 5886 --- [ai03] [    Test worker] org.hibernate.SQL                        : 
    alter table if exists comments 
       add constraint FKi7pp0331nbiwd2844kg78kfwb 
       foreign key (task_id) 
       references tasks
2026-06-30T02:51:07.159Z DEBUG 5886 --- [ai03] [    Test worker] org.hibernate.SQL                        : 
    alter table if exists task_tags 
       add constraint FKeiqe3k9ent7icelm1cihqn164 
       foreign key (tag_id) 
       references tags
2026-06-30T02:51:07.161Z DEBUG 5886 --- [ai03] [    Test worker] org.hibernate.SQL                        : 
    alter table if exists task_tags 
       add constraint FK7xi1reghkj37gqwlr1ujxrxll 
       foreign key (task_id) 
       references tasks
2026-06-30T02:51:07.163Z DEBUG 5886 --- [ai03] [    Test worker] org.hibernate.SQL                        : 
    alter table if exists tasks 
       add constraint FK447x172gvsq2ajfbcenhtkhc8 
       foreign key (assigned_user_id) 
       references users
2026-06-30T02:51:07.166Z DEBUG 5886 --- [ai03] [    Test worker] org.hibernate.SQL                        : 
    alter table if exists tasks 
       add constraint FKh85emsm2v3xv5nx9d7axjpp47 
       foreign key (created_user_id) 
       references users
2026-06-30T02:51:07.167Z DEBUG 5886 --- [ai03] [    Test worker] org.hibernate.SQL                        : 
    alter table if exists tasks 
       add constraint FK7ohls81a92yq2hlgcml3h1atu 
       foreign key (team_id) 
       references teams
2026-06-30T02:51:07.169Z DEBUG 5886 --- [ai03] [    Test worker] org.hibernate.SQL                        : 
    alter table if exists users 
       add constraint FKfjws1rdruab2bqg7qipoqf65r 
       foreign key (team_id) 
       references teams
2026-06-30T02:51:07.173Z  INFO 5886 --- [ai03] [    Test worker] j.LocalContainerEntityManagerFactoryBean : Initialized JPA EntityManagerFactory for persistence unit 'default'
2026-06-30T02:51:07.597Z  WARN 5886 --- [ai03] [    Test worker] JpaBaseConfiguration$JpaWebConfiguration : spring.jpa.open-in-view is enabled by default. Therefore, database queries may be performed during view rendering. Explicitly configure spring.jpa.open-in-view to disable this warning
2026-06-30T02:51:07.939Z  INFO 5886 --- [ai03] [    Test worker] com.example.ai03.Ai03ApplicationTests    : Started Ai03ApplicationTests in 3.657 seconds (process running for 4.66)
2026-06-30T02:51:07.942Z  INFO 5886 --- [ai03] [    Test worker] c.e.ai03.ui.SwingApplicationRunner       : Launching login screen
]]></system-out>
  <system-err><![CDATA[Exception in thread "AWT-EventQueue-0" java.awt.HeadlessException
	at java.desktop/java.awt.GraphicsEnvironment.checkHeadless(GraphicsEnvironment.java:164)
	at java.desktop/java.awt.Window.<init>(Window.java:553)
	at java.desktop/java.awt.Frame.<init>(Frame.java:428)
	at java.desktop/java.awt.Frame.<init>(Frame.java:393)
	at java.desktop/javax.swing.JFrame.<init>(JFrame.java:180)
	at com.example.ai03.ui.LoginFrame.<init>(LoginFrame.java:36)
	at com.example.ai03.ui.SwingApplicationRunner.lambda$run$0(SwingApplicationRunner.java:25)
	at java.desktop/java.awt.event.InvocationEvent.dispatch(InvocationEvent.java:318)
	at java.desktop/java.awt.EventQueue.dispatchEventImpl(EventQueue.java:773)
	at java.desktop/java.awt.EventQueue$4.run(EventQueue.java:720)
	at java.desktop/java.awt.EventQueue$4.run(EventQueue.java:714)
	at java.base/java.security.AccessController.doPrivileged(AccessController.java:399)
	at java.base/java.security.ProtectionDomain$JavaSecurityAccessImpl.doIntersectionPrivilege(ProtectionDomain.java:86)
	at java.desktop/java.awt.EventQueue.dispatchEvent(EventQueue.java:742)
	at java.desktop/java.awt.EventDispatchThread.pumpOneEventForFilters(EventDispatchThread.java:203)
	at java.desktop/java.awt.EventDispatchThread.pumpEventsForFilter(EventDispatchThread.java:124)
	at java.desktop/java.awt.EventDispatchThread.pumpEventsForHierarchy(EventDispatchThread.java:113)
	at java.desktop/java.awt.EventDispatchThread.pumpEvents(EventDispatchThread.java:109)
	at java.desktop/java.awt.EventDispatchThread.pumpEvents(EventDispatchThread.java:101)
	at java.desktop/java.awt.EventDispatchThread.run(EventDispatchThread.java:90)
]]></system-err>
</testsuite>
