<?xml version="1.0" encoding="UTF-8"?>
<testsuite name="com.example.ai03.service.UserServiceTest" tests="4" skipped="0" failures="0" errors="0" timestamp="2026-06-30T02:51:09.123Z" hostname="runnervmmklqx" time="0.036">
  <properties/>
  <testcase name="registerSucceedsWithValidInput()" classname="com.example.ai03.service.UserServiceTest" time="0.008"/>
  <testcase name="registerSavesEncodedPassword()" classname="com.example.ai03.service.UserServiceTest" time="0.014"/>
  <testcase name="registerThrowsWhenLoginIdAlreadyExists()" classname="com.example.ai03.service.UserServiceTest" time="0.004"/>
  <testcase name="registerWithAdminRolePersistsRoleCorrectly()" classname="com.example.ai03.service.UserServiceTest" time="0.006"/>
  <system-out><![CDATA[2026-06-30T02:51:09.131Z  INFO 5886 --- [ai03] [    Test worker] c.e.ai03.service.impl.UserServiceImpl    : User registered: loginId=newuser
2026-06-30T02:51:09.139Z  INFO 5886 --- [ai03] [    Test worker] c.e.ai03.service.impl.UserServiceImpl    : User registered: loginId=newuser
2026-06-30T02:51:09.158Z  INFO 5886 --- [ai03] [    Test worker] c.e.ai03.service.impl.UserServiceImpl    : User registered: loginId=adminuser
]]></system-out>
  <system-err><![CDATA[]]></system-err>
</testsuite>
